2019-08-30 09:44:54.319  INFO 57148 --- [restartedMain] com.review.ReviewApplication             : Starting ReviewApplication on WIN-7QABFM6O23C with PID 57148 (C:\Users\Administrator\Desktop\Code\ReviewDay20190802\target\classes started by Administrator in C:\Users\Administrator\Desktop\Code\ReviewDay20190802)
2019-08-30 09:44:54.365  INFO 57148 --- [restartedMain] com.review.ReviewApplication             : No active profile set, falling back to default profiles: default
2019-08-30 09:44:54.615  INFO 57148 --- [restartedMain] .e.DevToolsPropertyDefaultsPostProcessor : Devtools property defaults active! Set 'spring.devtools.add-properties' to 'false' to disable
2019-08-30 09:44:54.615  INFO 57148 --- [restartedMain] .e.DevToolsPropertyDefaultsPostProcessor : For additional web related logging consider setting the 'logging.level.web' property to 'DEBUG'
2019-08-30 09:44:55.526  INFO 57148 --- [restartedMain] .s.d.r.c.RepositoryConfigurationDelegate : Bootstrapping Spring Data repositories in DEFAULT mode.
2019-08-30 09:44:55.604  INFO 57148 --- [restartedMain] .s.d.r.c.RepositoryConfigurationDelegate : Finished Spring Data repository scanning in 78ms. Found 4 repository interfaces.
2019-08-30 09:44:55.995  INFO 57148 --- [restartedMain] trationDelegate$BeanPostProcessorChecker : Bean 'org.springframework.transaction.annotation.ProxyTransactionManagementConfiguration' of type [org.springframework.transaction.annotation.ProxyTransactionManagementConfiguration$$EnhancerBySpringCGLIB$$20e0b0b1] is not eligible for getting processed by all BeanPostProcessors (for example: not eligible for auto-proxying)
2019-08-30 09:44:56.511  INFO 57148 --- [restartedMain] o.s.b.w.embedded.tomcat.TomcatWebServer  : Tomcat initialized with port(s): 8080 (http)
2019-08-30 09:44:56.542  INFO 57148 --- [restartedMain] o.apache.catalina.core.StandardService   : Starting service [Tomcat]
2019-08-30 09:44:56.542  INFO 57148 --- [restartedMain] org.apache.catalina.core.StandardEngine  : Starting Servlet engine: [Apache Tomcat/9.0.16]
2019-08-30 09:44:56.542  INFO 57148 --- [restartedMain] o.a.catalina.core.AprLifecycleListener   : The APR based Apache Tomcat Native library which allows optimal performance in production environments was not found on the java.library.path: [C:\Program Files\Java\jdk1.8.0_191\bin;C:\windows\Sun\Java\bin;C:\windows\system32;C:\windows;C:\Program Files (x86)\Common Files\Oracle\Java\javapath;C:\windows\system32;C:\windows;C:\windows\System32\Wbem;C:\windows\System32\WindowsPowerShell\v1.0\;%MYSQL_HOME%\bin;C:\Android;C:\Windows\System32;C:\Maven\apache-maven-3.6.0\bin;C:\Program Files\Git\cmd;C:\Users\Administrator\AppData\Local\Programs\Python\Python37-32\Scripts\;C:\Users\Administrator\AppData\Local\Programs\Python\Python37-32\;C:\Users\Administrator\AppData\Local\Microsoft\WindowsApps;C:\Users\Administrator\AppData\Local\GitHubDesktop\bin;.]
2019-08-30 09:44:56.683  INFO 57148 --- [restartedMain] o.a.c.c.C.[Tomcat].[localhost].[/]       : Initializing Spring embedded WebApplicationContext
2019-08-30 09:44:56.683  INFO 57148 --- [restartedMain] o.s.web.context.ContextLoader            : Root WebApplicationContext: initialization completed in 2068 ms
2019-08-30 09:44:56.947  INFO 57148 --- [restartedMain] com.zaxxer.hikari.HikariDataSource       : HikariPool-1 - Starting...
2019-08-30 09:44:57.131  INFO 57148 --- [restartedMain] com.zaxxer.hikari.HikariDataSource       : HikariPool-1 - Start completed.
2019-08-30 09:44:57.194  INFO 57148 --- [restartedMain] o.hibernate.jpa.internal.util.LogHelper  : HHH000204: Processing PersistenceUnitInfo [
	name: default
	...]
2019-08-30 09:44:57.317  INFO 57148 --- [restartedMain] org.hibernate.Version                    : HHH000412: Hibernate Core {5.3.7.Final}
2019-08-30 09:44:57.317  INFO 57148 --- [restartedMain] org.hibernate.cfg.Environment            : HHH000206: hibernate.properties not found
2019-08-30 09:44:57.505  INFO 57148 --- [restartedMain] o.hibernate.annotations.common.Version   : HCANN000001: Hibernate Commons Annotations {5.0.4.Final}
2019-08-30 09:44:57.761  INFO 57148 --- [restartedMain] org.hibernate.dialect.Dialect            : HHH000400: Using dialect: org.hibernate.dialect.MySQL5Dialect
2019-08-30 09:44:58.618  INFO 57148 --- [restartedMain] j.LocalContainerEntityManagerFactoryBean : Initialized JPA EntityManagerFactory for persistence unit 'default'
2019-08-30 09:44:58.667  INFO 57148 --- [restartedMain] o.s.b.d.a.OptionalLiveReloadServer       : LiveReload server is running on port 35729
2019-08-30 09:44:59.466  INFO 57148 --- [restartedMain] o.s.s.concurrent.ThreadPoolTaskExecutor  : Initializing ExecutorService 'applicationTaskExecutor'
2019-08-30 09:44:59.513  WARN 57148 --- [restartedMain] aWebConfiguration$JpaWebMvcConfiguration : spring.jpa.open-in-view is enabled by default. Therefore, database queries may be performed during view rendering. Explicitly configure spring.jpa.open-in-view to disable this warning
2019-08-30 09:44:59.622  INFO 57148 --- [restartedMain] o.s.b.a.w.s.WelcomePageHandlerMapping    : Adding welcome page template: index
2019-08-30 09:44:59.885  INFO 57148 --- [restartedMain] o.s.b.w.embedded.tomcat.TomcatWebServer  : Tomcat started on port(s): 8080 (http) with context path ''
2019-08-30 09:44:59.885  INFO 57148 --- [restartedMain] com.review.ReviewApplication             : Started ReviewApplication in 6.486 seconds (JVM running for 8.364)
2019-08-30 09:45:21.169  INFO 57148 --- [http-nio-8080-exec-1] o.a.c.c.C.[Tomcat].[localhost].[/]       : Initializing Spring DispatcherServlet 'dispatcherServlet'
2019-08-30 09:45:21.170  INFO 57148 --- [http-nio-8080-exec-1] o.s.web.servlet.DispatcherServlet        : Initializing Servlet 'dispatcherServlet'
2019-08-30 09:45:21.184  INFO 57148 --- [http-nio-8080-exec-1] o.s.web.servlet.DispatcherServlet        : Completed initialization in 14 ms
2019-08-30 09:45:21.933 DEBUG 57148 --- [http-nio-8080-exec-1] c.r.M.QuestionMapper.selectAll_COUNT     : ==>  Preparing: SELECT count(0) FROM question 
2019-08-30 09:45:21.952 DEBUG 57148 --- [http-nio-8080-exec-1] c.r.M.QuestionMapper.selectAll_COUNT     : ==> Parameters: 
2019-08-30 09:45:21.968 DEBUG 57148 --- [http-nio-8080-exec-1] c.r.M.QuestionMapper.selectAll_COUNT     : <==      Total: 1
2019-08-30 09:45:21.970 DEBUG 57148 --- [http-nio-8080-exec-1] c.r.Mapper.QuestionMapper.selectAll      : ==>  Preparing: select * from question order by gmt_create Desc LIMIT ? 
2019-08-30 09:45:21.971 DEBUG 57148 --- [http-nio-8080-exec-1] c.r.Mapper.QuestionMapper.selectAll      : ==> Parameters: 7(Integer)
2019-08-30 09:45:21.981 DEBUG 57148 --- [http-nio-8080-exec-1] c.r.Mapper.QuestionMapper.selectAll      : <==      Total: 7
2019-08-30 09:45:21.983 DEBUG 57148 --- [http-nio-8080-exec-1] c.r.Mapper.UserMapper.selectByCreator    : ==>  Preparing: SELECT * FROM user_review WHERE account_id = ? 
2019-08-30 09:45:21.983 DEBUG 57148 --- [http-nio-8080-exec-1] c.r.Mapper.UserMapper.selectByCreator    : ==> Parameters: 40432448(String)
2019-08-30 09:45:21.987 DEBUG 57148 --- [http-nio-8080-exec-1] c.r.Mapper.UserMapper.selectByCreator    : <==      Total: 1
2019-08-30 09:45:21.996 DEBUG 57148 --- [http-nio-8080-exec-1] c.r.Mapper.UserMapper.selectByCreator    : ==>  Preparing: SELECT * FROM user_review WHERE account_id = ? 
2019-08-30 09:45:21.997 DEBUG 57148 --- [http-nio-8080-exec-1] c.r.Mapper.UserMapper.selectByCreator    : ==> Parameters: 54517906(String)
2019-08-30 09:45:21.998 DEBUG 57148 --- [http-nio-8080-exec-1] c.r.Mapper.UserMapper.selectByCreator    : <==      Total: 1
2019-08-30 09:45:21.998 DEBUG 57148 --- [http-nio-8080-exec-1] c.r.Mapper.UserMapper.selectByCreator    : ==>  Preparing: SELECT * FROM user_review WHERE account_id = ? 
2019-08-30 09:45:21.999 DEBUG 57148 --- [http-nio-8080-exec-1] c.r.Mapper.UserMapper.selectByCreator    : ==> Parameters: 40432448(String)
2019-08-30 09:45:22.000 DEBUG 57148 --- [http-nio-8080-exec-1] c.r.Mapper.UserMapper.selectByCreator    : <==      Total: 1
2019-08-30 09:45:22.000 DEBUG 57148 --- [http-nio-8080-exec-1] c.r.Mapper.UserMapper.selectByCreator    : ==>  Preparing: SELECT * FROM user_review WHERE account_id = ? 
2019-08-30 09:45:22.000 DEBUG 57148 --- [http-nio-8080-exec-1] c.r.Mapper.UserMapper.selectByCreator    : ==> Parameters: 40432448(String)
2019-08-30 09:45:22.001 DEBUG 57148 --- [http-nio-8080-exec-1] c.r.Mapper.UserMapper.selectByCreator    : <==      Total: 1
2019-08-30 09:45:22.002 DEBUG 57148 --- [http-nio-8080-exec-1] c.r.Mapper.UserMapper.selectByCreator    : ==>  Preparing: SELECT * FROM user_review WHERE account_id = ? 
2019-08-30 09:45:22.002 DEBUG 57148 --- [http-nio-8080-exec-1] c.r.Mapper.UserMapper.selectByCreator    : ==> Parameters: 40432448(String)
2019-08-30 09:45:22.004 DEBUG 57148 --- [http-nio-8080-exec-1] c.r.Mapper.UserMapper.selectByCreator    : <==      Total: 1
2019-08-30 09:45:22.004 DEBUG 57148 --- [http-nio-8080-exec-1] c.r.Mapper.UserMapper.selectByCreator    : ==>  Preparing: SELECT * FROM user_review WHERE account_id = ? 
2019-08-30 09:45:22.004 DEBUG 57148 --- [http-nio-8080-exec-1] c.r.Mapper.UserMapper.selectByCreator    : ==> Parameters: 40432448(String)
2019-08-30 09:45:22.005 DEBUG 57148 --- [http-nio-8080-exec-1] c.r.Mapper.UserMapper.selectByCreator    : <==      Total: 1
2019-08-30 09:45:22.006 DEBUG 57148 --- [http-nio-8080-exec-1] c.r.Mapper.UserMapper.selectByCreator    : ==>  Preparing: SELECT * FROM user_review WHERE account_id = ? 
2019-08-30 09:45:22.006 DEBUG 57148 --- [http-nio-8080-exec-1] c.r.Mapper.UserMapper.selectByCreator    : ==> Parameters: 40432448(String)
2019-08-30 09:45:22.007 DEBUG 57148 --- [http-nio-8080-exec-1] c.r.Mapper.UserMapper.selectByCreator    : <==      Total: 1
2019-08-30 09:45:27.370 DEBUG 57148 --- [http-nio-8080-exec-9] c.r.Mapper.UserMapper.selectByCreator    : ==>  Preparing: SELECT * FROM user_review WHERE account_id = ? 
2019-08-30 09:45:27.370 DEBUG 57148 --- [http-nio-8080-exec-9] c.r.Mapper.UserMapper.selectByCreator    : ==> Parameters: 40432448(String)
2019-08-30 09:45:27.372 DEBUG 57148 --- [http-nio-8080-exec-9] c.r.Mapper.UserMapper.selectByCreator    : <==      Total: 1
2019-08-30 09:45:27.373 DEBUG 57148 --- [http-nio-8080-exec-9] com.review.Mapper.UserMapper.update      : ==>  Preparing: UPDATE user_review SET avatar_url=?, gmt_modified=?,name=?,tooken=? where account_id = ? 
2019-08-30 09:45:27.374 DEBUG 57148 --- [http-nio-8080-exec-9] com.review.Mapper.UserMapper.update      : ==> Parameters: https://avatars1.githubusercontent.com/u/40432448?v=4(String), 1567129527373(Long), He开口(String), e5b72105-7325-4b7a-94f5-cff20a7ea74a(String), 40432448(String)
2019-08-30 09:45:27.379 DEBUG 57148 --- [http-nio-8080-exec-9] com.review.Mapper.UserMapper.update      : <==    Updates: 1
2019-08-30 09:45:27.394 DEBUG 57148 --- [http-nio-8080-exec-6] com.review.Mapper.UserMapper.select      : ==>  Preparing: SELECT * FROM user_review WHERE tooken = ? 
2019-08-30 09:45:27.395 DEBUG 57148 --- [http-nio-8080-exec-6] com.review.Mapper.UserMapper.select      : ==> Parameters: e5b72105-7325-4b7a-94f5-cff20a7ea74a(String)
2019-08-30 09:45:27.396 DEBUG 57148 --- [http-nio-8080-exec-6] com.review.Mapper.UserMapper.select      : <==      Total: 1
2019-08-30 09:45:27.398 DEBUG 57148 --- [http-nio-8080-exec-6] c.r.M.QuestionMapper.selectAll_COUNT     : ==>  Preparing: SELECT count(0) FROM question 
2019-08-30 09:45:27.398 DEBUG 57148 --- [http-nio-8080-exec-6] c.r.M.QuestionMapper.selectAll_COUNT     : ==> Parameters: 
2019-08-30 09:45:27.399 DEBUG 57148 --- [http-nio-8080-exec-6] c.r.M.QuestionMapper.selectAll_COUNT     : <==      Total: 1
2019-08-30 09:45:27.399 DEBUG 57148 --- [http-nio-8080-exec-6] c.r.Mapper.QuestionMapper.selectAll      : ==>  Preparing: select * from question order by gmt_create Desc LIMIT ? 
2019-08-30 09:45:27.399 DEBUG 57148 --- [http-nio-8080-exec-6] c.r.Mapper.QuestionMapper.selectAll      : ==> Parameters: 7(Integer)
2019-08-30 09:45:27.401 DEBUG 57148 --- [http-nio-8080-exec-6] c.r.Mapper.QuestionMapper.selectAll      : <==      Total: 7
2019-08-30 09:45:27.402 DEBUG 57148 --- [http-nio-8080-exec-6] c.r.Mapper.UserMapper.selectByCreator    : ==>  Preparing: SELECT * FROM user_review WHERE account_id = ? 
2019-08-30 09:45:27.403 DEBUG 57148 --- [http-nio-8080-exec-6] c.r.Mapper.UserMapper.selectByCreator    : ==> Parameters: 40432448(String)
2019-08-30 09:45:27.405 DEBUG 57148 --- [http-nio-8080-exec-6] c.r.Mapper.UserMapper.selectByCreator    : <==      Total: 1
2019-08-30 09:45:27.405 DEBUG 57148 --- [http-nio-8080-exec-6] c.r.Mapper.UserMapper.selectByCreator    : ==>  Preparing: SELECT * FROM user_review WHERE account_id = ? 
2019-08-30 09:45:27.406 DEBUG 57148 --- [http-nio-8080-exec-6] c.r.Mapper.UserMapper.selectByCreator    : ==> Parameters: 54517906(String)
2019-08-30 09:45:27.408 DEBUG 57148 --- [http-nio-8080-exec-6] c.r.Mapper.UserMapper.selectByCreator    : <==      Total: 1
2019-08-30 09:45:27.409 DEBUG 57148 --- [http-nio-8080-exec-6] c.r.Mapper.UserMapper.selectByCreator    : ==>  Preparing: SELECT * FROM user_review WHERE account_id = ? 
2019-08-30 09:45:27.409 DEBUG 57148 --- [http-nio-8080-exec-6] c.r.Mapper.UserMapper.selectByCreator    : ==> Parameters: 40432448(String)
2019-08-30 09:45:27.411 DEBUG 57148 --- [http-nio-8080-exec-6] c.r.Mapper.UserMapper.selectByCreator    : <==      Total: 1
2019-08-30 09:45:27.412 DEBUG 57148 --- [http-nio-8080-exec-6] c.r.Mapper.UserMapper.selectByCreator    : ==>  Preparing: SELECT * FROM user_review WHERE account_id = ? 
2019-08-30 09:45:27.412 DEBUG 57148 --- [http-nio-8080-exec-6] c.r.Mapper.UserMapper.selectByCreator    : ==> Parameters: 40432448(String)
2019-08-30 09:45:27.413 DEBUG 57148 --- [http-nio-8080-exec-6] c.r.Mapper.UserMapper.selectByCreator    : <==      Total: 1
2019-08-30 09:45:27.414 DEBUG 57148 --- [http-nio-8080-exec-6] c.r.Mapper.UserMapper.selectByCreator    : ==>  Preparing: SELECT * FROM user_review WHERE account_id = ? 
2019-08-30 09:45:27.414 DEBUG 57148 --- [http-nio-8080-exec-6] c.r.Mapper.UserMapper.selectByCreator    : ==> Parameters: 40432448(String)
2019-08-30 09:45:27.415 DEBUG 57148 --- [http-nio-8080-exec-6] c.r.Mapper.UserMapper.selectByCreator    : <==      Total: 1
2019-08-30 09:45:27.416 DEBUG 57148 --- [http-nio-8080-exec-6] c.r.Mapper.UserMapper.selectByCreator    : ==>  Preparing: SELECT * FROM user_review WHERE account_id = ? 
2019-08-30 09:45:27.416 DEBUG 57148 --- [http-nio-8080-exec-6] c.r.Mapper.UserMapper.selectByCreator    : ==> Parameters: 40432448(String)
2019-08-30 09:45:27.417 DEBUG 57148 --- [http-nio-8080-exec-6] c.r.Mapper.UserMapper.selectByCreator    : <==      Total: 1
2019-08-30 09:45:27.418 DEBUG 57148 --- [http-nio-8080-exec-6] c.r.Mapper.UserMapper.selectByCreator    : ==>  Preparing: SELECT * FROM user_review WHERE account_id = ? 
2019-08-30 09:45:27.418 DEBUG 57148 --- [http-nio-8080-exec-6] c.r.Mapper.UserMapper.selectByCreator    : ==> Parameters: 40432448(String)
2019-08-30 09:45:27.420 DEBUG 57148 --- [http-nio-8080-exec-6] c.r.Mapper.UserMapper.selectByCreator    : <==      Total: 1
2019-08-30 09:45:27.421 DEBUG 57148 --- [http-nio-8080-exec-6] c.r.M.N.SelectUnReadCount                : ==>  Preparing: SELECT COUNT(status) FROM notification where status = 0 and receiver = ? 
2019-08-30 09:45:27.421 DEBUG 57148 --- [http-nio-8080-exec-6] c.r.M.N.SelectUnReadCount                : ==> Parameters: 40432448(String)
2019-08-30 09:45:27.423 DEBUG 57148 --- [http-nio-8080-exec-6] c.r.M.N.SelectUnReadCount                : <==      Total: 1
2019-08-30 09:49:50.022 DEBUG 57148 --- [http-nio-8080-exec-2] com.review.Mapper.UserMapper.select      : ==>  Preparing: SELECT * FROM user_review WHERE tooken = ? 
2019-08-30 09:49:50.025 DEBUG 57148 --- [http-nio-8080-exec-2] com.review.Mapper.UserMapper.select      : ==> Parameters: e5b72105-7325-4b7a-94f5-cff20a7ea74a(String)
2019-08-30 09:49:50.029 DEBUG 57148 --- [http-nio-8080-exec-2] com.review.Mapper.UserMapper.select      : <==      Total: 1
2019-08-30 09:49:50.042 DEBUG 57148 --- [http-nio-8080-exec-2] c.r.M.QuestionMapper.selectAll_COUNT     : ==>  Preparing: SELECT count(0) FROM question 
2019-08-30 09:49:50.043 DEBUG 57148 --- [http-nio-8080-exec-2] c.r.M.QuestionMapper.selectAll_COUNT     : ==> Parameters: 
2019-08-30 09:49:50.045 DEBUG 57148 --- [http-nio-8080-exec-2] c.r.M.QuestionMapper.selectAll_COUNT     : <==      Total: 1
2019-08-30 09:49:50.046 DEBUG 57148 --- [http-nio-8080-exec-2] c.r.Mapper.QuestionMapper.selectAll      : ==>  Preparing: select * from question order by gmt_create Desc LIMIT ? 
2019-08-30 09:49:50.046 DEBUG 57148 --- [http-nio-8080-exec-2] c.r.Mapper.QuestionMapper.selectAll      : ==> Parameters: 7(Integer)
2019-08-30 09:49:50.054 DEBUG 57148 --- [http-nio-8080-exec-2] c.r.Mapper.QuestionMapper.selectAll      : <==      Total: 7
2019-08-30 09:49:50.055 DEBUG 57148 --- [http-nio-8080-exec-2] c.r.Mapper.UserMapper.selectByCreator    : ==>  Preparing: SELECT * FROM user_review WHERE account_id = ? 
2019-08-30 09:49:50.056 DEBUG 57148 --- [http-nio-8080-exec-2] c.r.Mapper.UserMapper.selectByCreator    : ==> Parameters: 40432448(String)
2019-08-30 09:49:50.057 DEBUG 57148 --- [http-nio-8080-exec-2] c.r.Mapper.UserMapper.selectByCreator    : <==      Total: 1
2019-08-30 09:49:50.058 DEBUG 57148 --- [http-nio-8080-exec-2] c.r.Mapper.UserMapper.selectByCreator    : ==>  Preparing: SELECT * FROM user_review WHERE account_id = ? 
2019-08-30 09:49:50.059 DEBUG 57148 --- [http-nio-8080-exec-2] c.r.Mapper.UserMapper.selectByCreator    : ==> Parameters: 54517906(String)
2019-08-30 09:49:50.061 DEBUG 57148 --- [http-nio-8080-exec-2] c.r.Mapper.UserMapper.selectByCreator    : <==      Total: 1
2019-08-30 09:49:50.065 DEBUG 57148 --- [http-nio-8080-exec-2] c.r.Mapper.UserMapper.selectByCreator    : ==>  Preparing: SELECT * FROM user_review WHERE account_id = ? 
2019-08-30 09:49:50.066 DEBUG 57148 --- [http-nio-8080-exec-2] c.r.Mapper.UserMapper.selectByCreator    : ==> Parameters: 40432448(String)
2019-08-30 09:49:50.066 DEBUG 57148 --- [http-nio-8080-exec-2] c.r.Mapper.UserMapper.selectByCreator    : <==      Total: 1
2019-08-30 09:49:50.067 DEBUG 57148 --- [http-nio-8080-exec-2] c.r.Mapper.UserMapper.selectByCreator    : ==>  Preparing: SELECT * FROM user_review WHERE account_id = ? 
2019-08-30 09:49:50.068 DEBUG 57148 --- [http-nio-8080-exec-2] c.r.Mapper.UserMapper.selectByCreator    : ==> Parameters: 40432448(String)
2019-08-30 09:49:50.069 DEBUG 57148 --- [http-nio-8080-exec-2] c.r.Mapper.UserMapper.selectByCreator    : <==      Total: 1
2019-08-30 09:49:50.069 DEBUG 57148 --- [http-nio-8080-exec-2] c.r.Mapper.UserMapper.selectByCreator    : ==>  Preparing: SELECT * FROM user_review WHERE account_id = ? 
2019-08-30 09:49:50.069 DEBUG 57148 --- [http-nio-8080-exec-2] c.r.Mapper.UserMapper.selectByCreator    : ==> Parameters: 40432448(String)
2019-08-30 09:49:50.070 DEBUG 57148 --- [http-nio-8080-exec-2] c.r.Mapper.UserMapper.selectByCreator    : <==      Total: 1
2019-08-30 09:49:50.071 DEBUG 57148 --- [http-nio-8080-exec-2] c.r.Mapper.UserMapper.selectByCreator    : ==>  Preparing: SELECT * FROM user_review WHERE account_id = ? 
2019-08-30 09:49:50.071 DEBUG 57148 --- [http-nio-8080-exec-2] c.r.Mapper.UserMapper.selectByCreator    : ==> Parameters: 40432448(String)
2019-08-30 09:49:50.072 DEBUG 57148 --- [http-nio-8080-exec-2] c.r.Mapper.UserMapper.selectByCreator    : <==      Total: 1
2019-08-30 09:49:50.072 DEBUG 57148 --- [http-nio-8080-exec-2] c.r.Mapper.UserMapper.selectByCreator    : ==>  Preparing: SELECT * FROM user_review WHERE account_id = ? 
2019-08-30 09:49:50.073 DEBUG 57148 --- [http-nio-8080-exec-2] c.r.Mapper.UserMapper.selectByCreator    : ==> Parameters: 40432448(String)
2019-08-30 09:49:50.073 DEBUG 57148 --- [http-nio-8080-exec-2] c.r.Mapper.UserMapper.selectByCreator    : <==      Total: 1
2019-08-30 09:49:50.075 DEBUG 57148 --- [http-nio-8080-exec-2] c.r.M.N.SelectUnReadCount                : ==>  Preparing: SELECT COUNT(status) FROM notification where status = 0 and receiver = ? 
2019-08-30 09:49:50.076 DEBUG 57148 --- [http-nio-8080-exec-2] c.r.M.N.SelectUnReadCount                : ==> Parameters: 40432448(String)
2019-08-30 09:49:50.077 DEBUG 57148 --- [http-nio-8080-exec-2] c.r.M.N.SelectUnReadCount                : <==      Total: 1
2019-08-30 09:52:30.237 DEBUG 57148 --- [http-nio-8080-exec-1] com.review.Mapper.UserMapper.select      : ==>  Preparing: SELECT * FROM user_review WHERE tooken = ? 
2019-08-30 09:52:30.243 DEBUG 57148 --- [http-nio-8080-exec-1] com.review.Mapper.UserMapper.select      : ==> Parameters: e5b72105-7325-4b7a-94f5-cff20a7ea74a(String)
2019-08-30 09:52:30.250 DEBUG 57148 --- [http-nio-8080-exec-1] com.review.Mapper.UserMapper.select      : <==      Total: 1
2019-08-30 09:52:30.265 DEBUG 57148 --- [http-nio-8080-exec-1] c.r.M.QuestionMapper.selectAll_COUNT     : ==>  Preparing: SELECT count(0) FROM question 
2019-08-30 09:52:30.265 DEBUG 57148 --- [http-nio-8080-exec-1] c.r.M.QuestionMapper.selectAll_COUNT     : ==> Parameters: 
2019-08-30 09:52:30.266 DEBUG 57148 --- [http-nio-8080-exec-1] c.r.M.QuestionMapper.selectAll_COUNT     : <==      Total: 1
2019-08-30 09:52:30.267 DEBUG 57148 --- [http-nio-8080-exec-1] c.r.Mapper.QuestionMapper.selectAll      : ==>  Preparing: select * from question order by gmt_create Desc LIMIT ? 
2019-08-30 09:52:30.267 DEBUG 57148 --- [http-nio-8080-exec-1] c.r.Mapper.QuestionMapper.selectAll      : ==> Parameters: 7(Integer)
2019-08-30 09:52:30.272 DEBUG 57148 --- [http-nio-8080-exec-1] c.r.Mapper.QuestionMapper.selectAll      : <==      Total: 7
2019-08-30 09:52:30.273 DEBUG 57148 --- [http-nio-8080-exec-1] c.r.Mapper.UserMapper.selectByCreator    : ==>  Preparing: SELECT * FROM user_review WHERE account_id = ? 
2019-08-30 09:52:30.273 DEBUG 57148 --- [http-nio-8080-exec-1] c.r.Mapper.UserMapper.selectByCreator    : ==> Parameters: 40432448(String)
2019-08-30 09:52:30.274 DEBUG 57148 --- [http-nio-8080-exec-1] c.r.Mapper.UserMapper.selectByCreator    : <==      Total: 1
2019-08-30 09:52:30.276 DEBUG 57148 --- [http-nio-8080-exec-1] c.r.Mapper.UserMapper.selectByCreator    : ==>  Preparing: SELECT * FROM user_review WHERE account_id = ? 
2019-08-30 09:52:30.276 DEBUG 57148 --- [http-nio-8080-exec-1] c.r.Mapper.UserMapper.selectByCreator    : ==> Parameters: 54517906(String)
2019-08-30 09:52:30.279 DEBUG 57148 --- [http-nio-8080-exec-1] c.r.Mapper.UserMapper.selectByCreator    : <==      Total: 1
2019-08-30 09:52:30.279 DEBUG 57148 --- [http-nio-8080-exec-1] c.r.Mapper.UserMapper.selectByCreator    : ==>  Preparing: SELECT * FROM user_review WHERE account_id = ? 
2019-08-30 09:52:30.280 DEBUG 57148 --- [http-nio-8080-exec-1] c.r.Mapper.UserMapper.selectByCreator    : ==> Parameters: 40432448(String)
2019-08-30 09:52:30.281 DEBUG 57148 --- [http-nio-8080-exec-1] c.r.Mapper.UserMapper.selectByCreator    : <==      Total: 1
2019-08-30 09:52:30.282 DEBUG 57148 --- [http-nio-8080-exec-1] c.r.Mapper.UserMapper.selectByCreator    : ==>  Preparing: SELECT * FROM user_review WHERE account_id = ? 
2019-08-30 09:52:30.282 DEBUG 57148 --- [http-nio-8080-exec-1] c.r.Mapper.UserMapper.selectByCreator    : ==> Parameters: 40432448(String)
2019-08-30 09:52:30.283 DEBUG 57148 --- [http-nio-8080-exec-1] c.r.Mapper.UserMapper.selectByCreator    : <==      Total: 1
2019-08-30 09:52:30.283 DEBUG 57148 --- [http-nio-8080-exec-1] c.r.Mapper.UserMapper.selectByCreator    : ==>  Preparing: SELECT * FROM user_review WHERE account_id = ? 
2019-08-30 09:52:30.284 DEBUG 57148 --- [http-nio-8080-exec-1] c.r.Mapper.UserMapper.selectByCreator    : ==> Parameters: 40432448(String)
2019-08-30 09:52:30.285 DEBUG 57148 --- [http-nio-8080-exec-1] c.r.Mapper.UserMapper.selectByCreator    : <==      Total: 1
2019-08-30 09:52:30.287 DEBUG 57148 --- [http-nio-8080-exec-1] c.r.Mapper.UserMapper.selectByCreator    : ==>  Preparing: SELECT * FROM user_review WHERE account_id = ? 
2019-08-30 09:52:30.287 DEBUG 57148 --- [http-nio-8080-exec-1] c.r.Mapper.UserMapper.selectByCreator    : ==> Parameters: 40432448(String)
2019-08-30 09:52:30.288 DEBUG 57148 --- [http-nio-8080-exec-1] c.r.Mapper.UserMapper.selectByCreator    : <==      Total: 1
2019-08-30 09:52:30.290 DEBUG 57148 --- [http-nio-8080-exec-1] c.r.Mapper.UserMapper.selectByCreator    : ==>  Preparing: SELECT * FROM user_review WHERE account_id = ? 
2019-08-30 09:52:30.290 DEBUG 57148 --- [http-nio-8080-exec-1] c.r.Mapper.UserMapper.selectByCreator    : ==> Parameters: 40432448(String)
2019-08-30 09:52:30.291 DEBUG 57148 --- [http-nio-8080-exec-1] c.r.Mapper.UserMapper.selectByCreator    : <==      Total: 1
2019-08-30 09:52:30.292 DEBUG 57148 --- [http-nio-8080-exec-1] c.r.M.N.SelectUnReadCount                : ==>  Preparing: SELECT COUNT(status) FROM notification where status = 0 and receiver = ? 
2019-08-30 09:52:30.292 DEBUG 57148 --- [http-nio-8080-exec-1] c.r.M.N.SelectUnReadCount                : ==> Parameters: 40432448(String)
2019-08-30 09:52:30.293 DEBUG 57148 --- [http-nio-8080-exec-1] c.r.M.N.SelectUnReadCount                : <==      Total: 1
2019-08-30 09:52:30.792 DEBUG 57148 --- [http-nio-8080-exec-4] com.review.Mapper.UserMapper.select      : ==>  Preparing: SELECT * FROM user_review WHERE tooken = ? 
2019-08-30 09:52:30.792 DEBUG 57148 --- [http-nio-8080-exec-4] com.review.Mapper.UserMapper.select      : ==> Parameters: e5b72105-7325-4b7a-94f5-cff20a7ea74a(String)
2019-08-30 09:52:30.793 DEBUG 57148 --- [http-nio-8080-exec-4] com.review.Mapper.UserMapper.select      : <==      Total: 1
2019-08-30 09:52:42.378 DEBUG 57148 --- [http-nio-8080-exec-3] com.review.Mapper.UserMapper.select      : ==>  Preparing: SELECT * FROM user_review WHERE tooken = ? 
2019-08-30 09:52:42.379 DEBUG 57148 --- [http-nio-8080-exec-3] com.review.Mapper.UserMapper.select      : ==> Parameters: e5b72105-7325-4b7a-94f5-cff20a7ea74a(String)
2019-08-30 09:52:42.380 DEBUG 57148 --- [http-nio-8080-exec-3] com.review.Mapper.UserMapper.select      : <==      Total: 1
2019-08-30 09:52:42.382 DEBUG 57148 --- [http-nio-8080-exec-3] c.r.M.QuestionMapper.selectAll_COUNT     : ==>  Preparing: SELECT count(0) FROM question 
2019-08-30 09:52:42.382 DEBUG 57148 --- [http-nio-8080-exec-3] c.r.M.QuestionMapper.selectAll_COUNT     : ==> Parameters: 
2019-08-30 09:52:42.382 DEBUG 57148 --- [http-nio-8080-exec-3] c.r.M.QuestionMapper.selectAll_COUNT     : <==      Total: 1
2019-08-30 09:52:42.383 DEBUG 57148 --- [http-nio-8080-exec-3] c.r.Mapper.QuestionMapper.selectAll      : ==>  Preparing: select * from question order by gmt_create Desc LIMIT ? 
2019-08-30 09:52:42.383 DEBUG 57148 --- [http-nio-8080-exec-3] c.r.Mapper.QuestionMapper.selectAll      : ==> Parameters: 7(Integer)
2019-08-30 09:52:42.386 DEBUG 57148 --- [http-nio-8080-exec-3] c.r.Mapper.QuestionMapper.selectAll      : <==      Total: 7
2019-08-30 09:52:42.387 DEBUG 57148 --- [http-nio-8080-exec-3] c.r.Mapper.UserMapper.selectByCreator    : ==>  Preparing: SELECT * FROM user_review WHERE account_id = ? 
2019-08-30 09:52:42.387 DEBUG 57148 --- [http-nio-8080-exec-3] c.r.Mapper.UserMapper.selectByCreator    : ==> Parameters: 40432448(String)
2019-08-30 09:52:42.388 DEBUG 57148 --- [http-nio-8080-exec-3] c.r.Mapper.UserMapper.selectByCreator    : <==      Total: 1
2019-08-30 09:52:42.389 DEBUG 57148 --- [http-nio-8080-exec-3] c.r.Mapper.UserMapper.selectByCreator    : ==>  Preparing: SELECT * FROM user_review WHERE account_id = ? 
2019-08-30 09:52:42.389 DEBUG 57148 --- [http-nio-8080-exec-3] c.r.Mapper.UserMapper.selectByCreator    : ==> Parameters: 54517906(String)
2019-08-30 09:52:42.390 DEBUG 57148 --- [http-nio-8080-exec-3] c.r.Mapper.UserMapper.selectByCreator    : <==      Total: 1
2019-08-30 09:52:42.391 DEBUG 57148 --- [http-nio-8080-exec-3] c.r.Mapper.UserMapper.selectByCreator    : ==>  Preparing: SELECT * FROM user_review WHERE account_id = ? 
2019-08-30 09:52:42.392 DEBUG 57148 --- [http-nio-8080-exec-3] c.r.Mapper.UserMapper.selectByCreator    : ==> Parameters: 40432448(String)
2019-08-30 09:52:42.393 DEBUG 57148 --- [http-nio-8080-exec-3] c.r.Mapper.UserMapper.selectByCreator    : <==      Total: 1
2019-08-30 09:52:42.394 DEBUG 57148 --- [http-nio-8080-exec-3] c.r.Mapper.UserMapper.selectByCreator    : ==>  Preparing: SELECT * FROM user_review WHERE account_id = ? 
2019-08-30 09:52:42.394 DEBUG 57148 --- [http-nio-8080-exec-3] c.r.Mapper.UserMapper.selectByCreator    : ==> Parameters: 40432448(String)
2019-08-30 09:52:42.395 DEBUG 57148 --- [http-nio-8080-exec-3] c.r.Mapper.UserMapper.selectByCreator    : <==      Total: 1
2019-08-30 09:52:42.396 DEBUG 57148 --- [http-nio-8080-exec-3] c.r.Mapper.UserMapper.selectByCreator    : ==>  Preparing: SELECT * FROM user_review WHERE account_id = ? 
2019-08-30 09:52:42.396 DEBUG 57148 --- [http-nio-8080-exec-3] c.r.Mapper.UserMapper.selectByCreator    : ==> Parameters: 40432448(String)
2019-08-30 09:52:42.397 DEBUG 57148 --- [http-nio-8080-exec-3] c.r.Mapper.UserMapper.selectByCreator    : <==      Total: 1
2019-08-30 09:52:42.397 DEBUG 57148 --- [http-nio-8080-exec-3] c.r.Mapper.UserMapper.selectByCreator    : ==>  Preparing: SELECT * FROM user_review WHERE account_id = ? 
2019-08-30 09:52:42.397 DEBUG 57148 --- [http-nio-8080-exec-3] c.r.Mapper.UserMapper.selectByCreator    : ==> Parameters: 40432448(String)
2019-08-30 09:52:42.398 DEBUG 57148 --- [http-nio-8080-exec-3] c.r.Mapper.UserMapper.selectByCreator    : <==      Total: 1
2019-08-30 09:52:42.399 DEBUG 57148 --- [http-nio-8080-exec-3] c.r.Mapper.UserMapper.selectByCreator    : ==>  Preparing: SELECT * FROM user_review WHERE account_id = ? 
2019-08-30 09:52:42.399 DEBUG 57148 --- [http-nio-8080-exec-3] c.r.Mapper.UserMapper.selectByCreator    : ==> Parameters: 40432448(String)
2019-08-30 09:52:42.400 DEBUG 57148 --- [http-nio-8080-exec-3] c.r.Mapper.UserMapper.selectByCreator    : <==      Total: 1
2019-08-30 09:52:42.400 DEBUG 57148 --- [http-nio-8080-exec-3] c.r.M.N.SelectUnReadCount                : ==>  Preparing: SELECT COUNT(status) FROM notification where status = 0 and receiver = ? 
2019-08-30 09:52:42.400 DEBUG 57148 --- [http-nio-8080-exec-3] c.r.M.N.SelectUnReadCount                : ==> Parameters: 40432448(String)
2019-08-30 09:52:42.401 DEBUG 57148 --- [http-nio-8080-exec-3] c.r.M.N.SelectUnReadCount                : <==      Total: 1
2019-08-30 09:52:42.444 DEBUG 57148 --- [http-nio-8080-exec-2] com.review.Mapper.UserMapper.select      : ==>  Preparing: SELECT * FROM user_review WHERE tooken = ? 
2019-08-30 09:52:42.444 DEBUG 57148 --- [http-nio-8080-exec-2] com.review.Mapper.UserMapper.select      : ==> Parameters: e5b72105-7325-4b7a-94f5-cff20a7ea74a(String)
2019-08-30 09:52:42.445 DEBUG 57148 --- [http-nio-8080-exec-2] com.review.Mapper.UserMapper.select      : <==      Total: 1
2019-08-30 09:52:43.524 DEBUG 57148 --- [http-nio-8080-exec-8] com.review.Mapper.UserMapper.select      : ==>  Preparing: SELECT * FROM user_review WHERE tooken = ? 
2019-08-30 09:52:43.525 DEBUG 57148 --- [http-nio-8080-exec-8] com.review.Mapper.UserMapper.select      : ==> Parameters: e5b72105-7325-4b7a-94f5-cff20a7ea74a(String)
2019-08-30 09:52:43.526 DEBUG 57148 --- [http-nio-8080-exec-8] com.review.Mapper.UserMapper.select      : <==      Total: 1
2019-08-30 09:52:43.528 DEBUG 57148 --- [http-nio-8080-exec-8] c.r.M.QuestionMapper.selectAll_COUNT     : ==>  Preparing: SELECT count(0) FROM question 
2019-08-30 09:52:43.530 DEBUG 57148 --- [http-nio-8080-exec-8] c.r.M.QuestionMapper.selectAll_COUNT     : ==> Parameters: 
2019-08-30 09:52:43.531 DEBUG 57148 --- [http-nio-8080-exec-8] c.r.M.QuestionMapper.selectAll_COUNT     : <==      Total: 1
2019-08-30 09:52:43.531 DEBUG 57148 --- [http-nio-8080-exec-8] c.r.Mapper.QuestionMapper.selectAll      : ==>  Preparing: select * from question order by gmt_create Desc LIMIT ? 
2019-08-30 09:52:43.532 DEBUG 57148 --- [http-nio-8080-exec-8] c.r.Mapper.QuestionMapper.selectAll      : ==> Parameters: 7(Integer)
2019-08-30 09:52:43.534 DEBUG 57148 --- [http-nio-8080-exec-8] c.r.Mapper.QuestionMapper.selectAll      : <==      Total: 7
2019-08-30 09:52:43.535 DEBUG 57148 --- [http-nio-8080-exec-8] c.r.Mapper.UserMapper.selectByCreator    : ==>  Preparing: SELECT * FROM user_review WHERE account_id = ? 
2019-08-30 09:52:43.535 DEBUG 57148 --- [http-nio-8080-exec-8] c.r.Mapper.UserMapper.selectByCreator    : ==> Parameters: 40432448(String)
2019-08-30 09:52:43.536 DEBUG 57148 --- [http-nio-8080-exec-8] c.r.Mapper.UserMapper.selectByCreator    : <==      Total: 1
2019-08-30 09:52:43.537 DEBUG 57148 --- [http-nio-8080-exec-8] c.r.Mapper.UserMapper.selectByCreator    : ==>  Preparing: SELECT * FROM user_review WHERE account_id = ? 
2019-08-30 09:52:43.537 DEBUG 57148 --- [http-nio-8080-exec-8] c.r.Mapper.UserMapper.selectByCreator    : ==> Parameters: 54517906(String)
2019-08-30 09:52:43.537 DEBUG 57148 --- [http-nio-8080-exec-8] c.r.Mapper.UserMapper.selectByCreator    : <==      Total: 1
2019-08-30 09:52:43.538 DEBUG 57148 --- [http-nio-8080-exec-8] c.r.Mapper.UserMapper.selectByCreator    : ==>  Preparing: SELECT * FROM user_review WHERE account_id = ? 
2019-08-30 09:52:43.539 DEBUG 57148 --- [http-nio-8080-exec-8] c.r.Mapper.UserMapper.selectByCreator    : ==> Parameters: 40432448(String)
2019-08-30 09:52:43.539 DEBUG 57148 --- [http-nio-8080-exec-8] c.r.Mapper.UserMapper.selectByCreator    : <==      Total: 1
2019-08-30 09:52:43.540 DEBUG 57148 --- [http-nio-8080-exec-8] c.r.Mapper.UserMapper.selectByCreator    : ==>  Preparing: SELECT * FROM user_review WHERE account_id = ? 
2019-08-30 09:52:43.540 DEBUG 57148 --- [http-nio-8080-exec-8] c.r.Mapper.UserMapper.selectByCreator    : ==> Parameters: 40432448(String)
2019-08-30 09:52:43.541 DEBUG 57148 --- [http-nio-8080-exec-8] c.r.Mapper.UserMapper.selectByCreator    : <==      Total: 1
2019-08-30 09:52:43.541 DEBUG 57148 --- [http-nio-8080-exec-8] c.r.Mapper.UserMapper.selectByCreator    : ==>  Preparing: SELECT * FROM user_review WHERE account_id = ? 
2019-08-30 09:52:43.541 DEBUG 57148 --- [http-nio-8080-exec-8] c.r.Mapper.UserMapper.selectByCreator    : ==> Parameters: 40432448(String)
2019-08-30 09:52:43.542 DEBUG 57148 --- [http-nio-8080-exec-8] c.r.Mapper.UserMapper.selectByCreator    : <==      Total: 1
2019-08-30 09:52:43.542 DEBUG 57148 --- [http-nio-8080-exec-8] c.r.Mapper.UserMapper.selectByCreator    : ==>  Preparing: SELECT * FROM user_review WHERE account_id = ? 
2019-08-30 09:52:43.542 DEBUG 57148 --- [http-nio-8080-exec-8] c.r.Mapper.UserMapper.selectByCreator    : ==> Parameters: 40432448(String)
2019-08-30 09:52:43.543 DEBUG 57148 --- [http-nio-8080-exec-8] c.r.Mapper.UserMapper.selectByCreator    : <==      Total: 1
2019-08-30 09:52:43.543 DEBUG 57148 --- [http-nio-8080-exec-8] c.r.Mapper.UserMapper.selectByCreator    : ==>  Preparing: SELECT * FROM user_review WHERE account_id = ? 
2019-08-30 09:52:43.544 DEBUG 57148 --- [http-nio-8080-exec-8] c.r.Mapper.UserMapper.selectByCreator    : ==> Parameters: 40432448(String)
2019-08-30 09:52:43.544 DEBUG 57148 --- [http-nio-8080-exec-8] c.r.Mapper.UserMapper.selectByCreator    : <==      Total: 1
2019-08-30 09:52:43.546 DEBUG 57148 --- [http-nio-8080-exec-8] c.r.M.N.SelectUnReadCount                : ==>  Preparing: SELECT COUNT(status) FROM notification where status = 0 and receiver = ? 
2019-08-30 09:52:43.547 DEBUG 57148 --- [http-nio-8080-exec-8] c.r.M.N.SelectUnReadCount                : ==> Parameters: 40432448(String)
2019-08-30 09:52:43.548 DEBUG 57148 --- [http-nio-8080-exec-8] c.r.M.N.SelectUnReadCount                : <==      Total: 1
2019-08-30 09:52:49.823 DEBUG 57148 --- [http-nio-8080-exec-5] com.review.Mapper.UserMapper.select      : ==>  Preparing: SELECT * FROM user_review WHERE tooken = ? 
2019-08-30 09:52:49.824 DEBUG 57148 --- [http-nio-8080-exec-5] com.review.Mapper.UserMapper.select      : ==> Parameters: e5b72105-7325-4b7a-94f5-cff20a7ea74a(String)
2019-08-30 09:52:49.826 DEBUG 57148 --- [http-nio-8080-exec-5] com.review.Mapper.UserMapper.select      : <==      Total: 1
2019-08-30 09:52:49.865 DEBUG 57148 --- [http-nio-8080-exec-5] c.r.Mapper.QuestionMapper.selectById     : ==>  Preparing: select * from question where id = ? 
2019-08-30 09:52:49.866 DEBUG 57148 --- [http-nio-8080-exec-5] c.r.Mapper.QuestionMapper.selectById     : ==> Parameters: 34(Integer)
2019-08-30 09:52:49.868 DEBUG 57148 --- [http-nio-8080-exec-5] c.r.Mapper.QuestionMapper.selectById     : <==      Total: 1
2019-08-30 09:52:49.869 DEBUG 57148 --- [http-nio-8080-exec-5] c.r.Mapper.UserMapper.selectByCreator    : ==>  Preparing: SELECT * FROM user_review WHERE account_id = ? 
2019-08-30 09:52:49.870 DEBUG 57148 --- [http-nio-8080-exec-5] c.r.Mapper.UserMapper.selectByCreator    : ==> Parameters: 40432448(String)
2019-08-30 09:52:49.871 DEBUG 57148 --- [http-nio-8080-exec-5] c.r.Mapper.UserMapper.selectByCreator    : <==      Total: 1
2019-08-30 09:52:49.882 DEBUG 57148 --- [http-nio-8080-exec-5] c.r.M.QuestionMapper.selectByRegexpTag   : ==>  Preparing: select * from question where id !=? and tag regexp ? 
2019-08-30 09:52:49.882 DEBUG 57148 --- [http-nio-8080-exec-5] c.r.M.QuestionMapper.selectByRegexpTag   : ==> Parameters: 34(Integer), MarkDown(String)
2019-08-30 09:52:49.887 DEBUG 57148 --- [http-nio-8080-exec-5] c.r.M.QuestionMapper.selectByRegexpTag   : <==      Total: 4
2019-08-30 09:52:49.888 DEBUG 57148 --- [http-nio-8080-exec-5] c.r.Mapper.QuestionMapper.selectById     : ==>  Preparing: select * from question where id = ? 
2019-08-30 09:52:49.888 DEBUG 57148 --- [http-nio-8080-exec-5] c.r.Mapper.QuestionMapper.selectById     : ==> Parameters: 34(Integer)
2019-08-30 09:52:49.889 DEBUG 57148 --- [http-nio-8080-exec-5] c.r.Mapper.QuestionMapper.selectById     : <==      Total: 1
2019-08-30 09:52:49.889 DEBUG 57148 --- [http-nio-8080-exec-5] c.r.M.Q.selectViewCountById              : ==>  Preparing: select view_count from question where id = ? 
2019-08-30 09:52:49.890 DEBUG 57148 --- [http-nio-8080-exec-5] c.r.M.Q.selectViewCountById              : ==> Parameters: 34(Integer)
2019-08-30 09:52:49.891 DEBUG 57148 --- [http-nio-8080-exec-5] c.r.M.Q.selectViewCountById              : <==      Total: 1
2019-08-30 09:52:49.891 DEBUG 57148 --- [http-nio-8080-exec-5] c.r.M.QuestionMapper.updateViewCount     : ==>  Preparing: UPDATE question SET view_count=? where id = ? 
2019-08-30 09:52:49.891 DEBUG 57148 --- [http-nio-8080-exec-5] c.r.M.QuestionMapper.updateViewCount     : ==> Parameters: 3(Integer), 34(Integer)
2019-08-30 09:52:49.896 DEBUG 57148 --- [http-nio-8080-exec-5] c.r.M.QuestionMapper.updateViewCount     : <==    Updates: 1
2019-08-30 09:52:49.897 DEBUG 57148 --- [http-nio-8080-exec-5] c.r.M.CommentMapper.selectByParentId     : ==>  Preparing: select * from comment where parent_id = ? 
2019-08-30 09:52:49.897 DEBUG 57148 --- [http-nio-8080-exec-5] c.r.M.CommentMapper.selectByParentId     : ==> Parameters: 34(Integer)
2019-08-30 09:52:49.900 DEBUG 57148 --- [http-nio-8080-exec-5] c.r.M.CommentMapper.selectByParentId     : <==      Total: 0
2019-08-30 09:52:49.960 DEBUG 57148 --- [http-nio-8080-exec-9] com.review.Mapper.UserMapper.select      : ==>  Preparing: SELECT * FROM user_review WHERE tooken = ? 
2019-08-30 09:52:49.960 DEBUG 57148 --- [http-nio-8080-exec-9] com.review.Mapper.UserMapper.select      : ==> Parameters: e5b72105-7325-4b7a-94f5-cff20a7ea74a(String)
2019-08-30 09:52:49.961 DEBUG 57148 --- [http-nio-8080-exec-9] com.review.Mapper.UserMapper.select      : <==      Total: 1
2019-08-30 09:52:49.971 DEBUG 57148 --- [http-nio-8080-exec-6] com.review.Mapper.UserMapper.select      : ==>  Preparing: SELECT * FROM user_review WHERE tooken = ? 
2019-08-30 09:52:49.971 DEBUG 57148 --- [http-nio-8080-exec-6] com.review.Mapper.UserMapper.select      : ==> Parameters: e5b72105-7325-4b7a-94f5-cff20a7ea74a(String)
2019-08-30 09:52:49.972 DEBUG 57148 --- [http-nio-8080-exec-6] com.review.Mapper.UserMapper.select      : <==      Total: 1
2019-08-30 09:52:49.976 DEBUG 57148 --- [http-nio-8080-exec-3] com.review.Mapper.UserMapper.select      : ==>  Preparing: SELECT * FROM user_review WHERE tooken = ? 
2019-08-30 09:52:49.978 DEBUG 57148 --- [http-nio-8080-exec-6] com.review.Mapper.UserMapper.select      : ==>  Preparing: SELECT * FROM user_review WHERE tooken = ? 
2019-08-30 09:52:49.978 DEBUG 57148 --- [http-nio-8080-exec-6] com.review.Mapper.UserMapper.select      : ==> Parameters: e5b72105-7325-4b7a-94f5-cff20a7ea74a(String)
2019-08-30 09:52:49.978 DEBUG 57148 --- [http-nio-8080-exec-3] com.review.Mapper.UserMapper.select      : ==> Parameters: e5b72105-7325-4b7a-94f5-cff20a7ea74a(String)
2019-08-30 09:52:49.979 DEBUG 57148 --- [http-nio-8080-exec-3] com.review.Mapper.UserMapper.select      : <==      Total: 1
2019-08-30 09:52:49.980 DEBUG 57148 --- [http-nio-8080-exec-2] com.review.Mapper.UserMapper.select      : ==>  Preparing: SELECT * FROM user_review WHERE tooken = ? 
2019-08-30 09:52:49.982 DEBUG 57148 --- [http-nio-8080-exec-2] com.review.Mapper.UserMapper.select      : ==> Parameters: e5b72105-7325-4b7a-94f5-cff20a7ea74a(String)
2019-08-30 09:52:49.983 DEBUG 57148 --- [http-nio-8080-exec-6] com.review.Mapper.UserMapper.select      : <==      Total: 1
2019-08-30 09:52:49.983 DEBUG 57148 --- [http-nio-8080-exec-2] com.review.Mapper.UserMapper.select      : <==      Total: 1
2019-08-30 09:53:03.363 DEBUG 57148 --- [http-nio-8080-exec-5] com.review.Mapper.UserMapper.select      : ==>  Preparing: SELECT * FROM user_review WHERE tooken = ? 
2019-08-30 09:53:03.363 DEBUG 57148 --- [http-nio-8080-exec-5] com.review.Mapper.UserMapper.select      : ==> Parameters: e5b72105-7325-4b7a-94f5-cff20a7ea74a(String)
2019-08-30 09:53:03.364 DEBUG 57148 --- [http-nio-8080-exec-5] com.review.Mapper.UserMapper.select      : <==      Total: 1
2019-08-30 09:53:03.366 DEBUG 57148 --- [http-nio-8080-exec-5] c.r.M.QuestionMapper.selectAll_COUNT     : ==>  Preparing: SELECT count(0) FROM question 
2019-08-30 09:53:03.367 DEBUG 57148 --- [http-nio-8080-exec-5] c.r.M.QuestionMapper.selectAll_COUNT     : ==> Parameters: 
2019-08-30 09:53:03.368 DEBUG 57148 --- [http-nio-8080-exec-5] c.r.M.QuestionMapper.selectAll_COUNT     : <==      Total: 1
2019-08-30 09:53:03.369 DEBUG 57148 --- [http-nio-8080-exec-5] c.r.Mapper.QuestionMapper.selectAll      : ==>  Preparing: select * from question order by gmt_create Desc LIMIT ? 
2019-08-30 09:53:03.370 DEBUG 57148 --- [http-nio-8080-exec-5] c.r.Mapper.QuestionMapper.selectAll      : ==> Parameters: 7(Integer)
2019-08-30 09:53:03.373 DEBUG 57148 --- [http-nio-8080-exec-5] c.r.Mapper.QuestionMapper.selectAll      : <==      Total: 7
2019-08-30 09:53:03.374 DEBUG 57148 --- [http-nio-8080-exec-5] c.r.Mapper.UserMapper.selectByCreator    : ==>  Preparing: SELECT * FROM user_review WHERE account_id = ? 
2019-08-30 09:53:03.374 DEBUG 57148 --- [http-nio-8080-exec-5] c.r.Mapper.UserMapper.selectByCreator    : ==> Parameters: 40432448(String)
2019-08-30 09:53:03.375 DEBUG 57148 --- [http-nio-8080-exec-5] c.r.Mapper.UserMapper.selectByCreator    : <==      Total: 1
2019-08-30 09:53:03.376 DEBUG 57148 --- [http-nio-8080-exec-5] c.r.Mapper.UserMapper.selectByCreator    : ==>  Preparing: SELECT * FROM user_review WHERE account_id = ? 
2019-08-30 09:53:03.376 DEBUG 57148 --- [http-nio-8080-exec-5] c.r.Mapper.UserMapper.selectByCreator    : ==> Parameters: 54517906(String)
2019-08-30 09:53:03.377 DEBUG 57148 --- [http-nio-8080-exec-5] c.r.Mapper.UserMapper.selectByCreator    : <==      Total: 1
2019-08-30 09:53:03.377 DEBUG 57148 --- [http-nio-8080-exec-5] c.r.Mapper.UserMapper.selectByCreator    : ==>  Preparing: SELECT * FROM user_review WHERE account_id = ? 
2019-08-30 09:53:03.377 DEBUG 57148 --- [http-nio-8080-exec-5] c.r.Mapper.UserMapper.selectByCreator    : ==> Parameters: 40432448(String)
2019-08-30 09:53:03.378 DEBUG 57148 --- [http-nio-8080-exec-5] c.r.Mapper.UserMapper.selectByCreator    : <==      Total: 1
2019-08-30 09:53:03.379 DEBUG 57148 --- [http-nio-8080-exec-5] c.r.Mapper.UserMapper.selectByCreator    : ==>  Preparing: SELECT * FROM user_review WHERE account_id = ? 
2019-08-30 09:53:03.379 DEBUG 57148 --- [http-nio-8080-exec-5] c.r.Mapper.UserMapper.selectByCreator    : ==> Parameters: 40432448(String)
2019-08-30 09:53:03.380 DEBUG 57148 --- [http-nio-8080-exec-5] c.r.Mapper.UserMapper.selectByCreator    : <==      Total: 1
2019-08-30 09:53:03.381 DEBUG 57148 --- [http-nio-8080-exec-5] c.r.Mapper.UserMapper.selectByCreator    : ==>  Preparing: SELECT * FROM user_review WHERE account_id = ? 
2019-08-30 09:53:03.381 DEBUG 57148 --- [http-nio-8080-exec-5] c.r.Mapper.UserMapper.selectByCreator    : ==> Parameters: 40432448(String)
2019-08-30 09:53:03.382 DEBUG 57148 --- [http-nio-8080-exec-5] c.r.Mapper.UserMapper.selectByCreator    : <==      Total: 1
2019-08-30 09:53:03.382 DEBUG 57148 --- [http-nio-8080-exec-5] c.r.Mapper.UserMapper.selectByCreator    : ==>  Preparing: SELECT * FROM user_review WHERE account_id = ? 
2019-08-30 09:53:03.383 DEBUG 57148 --- [http-nio-8080-exec-5] c.r.Mapper.UserMapper.selectByCreator    : ==> Parameters: 40432448(String)
2019-08-30 09:53:03.384 DEBUG 57148 --- [http-nio-8080-exec-5] c.r.Mapper.UserMapper.selectByCreator    : <==      Total: 1
2019-08-30 09:53:03.384 DEBUG 57148 --- [http-nio-8080-exec-5] c.r.Mapper.UserMapper.selectByCreator    : ==>  Preparing: SELECT * FROM user_review WHERE account_id = ? 
2019-08-30 09:53:03.384 DEBUG 57148 --- [http-nio-8080-exec-5] c.r.Mapper.UserMapper.selectByCreator    : ==> Parameters: 40432448(String)
2019-08-30 09:53:03.385 DEBUG 57148 --- [http-nio-8080-exec-5] c.r.Mapper.UserMapper.selectByCreator    : <==      Total: 1
2019-08-30 09:53:03.386 DEBUG 57148 --- [http-nio-8080-exec-5] c.r.M.N.SelectUnReadCount                : ==>  Preparing: SELECT COUNT(status) FROM notification where status = 0 and receiver = ? 
2019-08-30 09:53:03.386 DEBUG 57148 --- [http-nio-8080-exec-5] c.r.M.N.SelectUnReadCount                : ==> Parameters: 40432448(String)
2019-08-30 09:53:03.387 DEBUG 57148 --- [http-nio-8080-exec-5] c.r.M.N.SelectUnReadCount                : <==      Total: 1
2019-08-30 09:53:03.428 DEBUG 57148 --- [http-nio-8080-exec-9] com.review.Mapper.UserMapper.select      : ==>  Preparing: SELECT * FROM user_review WHERE tooken = ? 
2019-08-30 09:53:03.428 DEBUG 57148 --- [http-nio-8080-exec-9] com.review.Mapper.UserMapper.select      : ==> Parameters: e5b72105-7325-4b7a-94f5-cff20a7ea74a(String)
2019-08-30 09:53:03.429 DEBUG 57148 --- [http-nio-8080-exec-9] com.review.Mapper.UserMapper.select      : <==      Total: 1
2019-08-30 09:53:04.560 DEBUG 57148 --- [http-nio-8080-exec-3] com.review.Mapper.UserMapper.select      : ==>  Preparing: SELECT * FROM user_review WHERE tooken = ? 
2019-08-30 09:53:04.561 DEBUG 57148 --- [http-nio-8080-exec-3] com.review.Mapper.UserMapper.select      : ==> Parameters: e5b72105-7325-4b7a-94f5-cff20a7ea74a(String)
2019-08-30 09:53:04.562 DEBUG 57148 --- [http-nio-8080-exec-3] com.review.Mapper.UserMapper.select      : <==      Total: 1
2019-08-30 09:53:04.563 DEBUG 57148 --- [http-nio-8080-exec-3] c.r.M.QuestionMapper.selectAll_COUNT     : ==>  Preparing: SELECT count(0) FROM question 
2019-08-30 09:53:04.564 DEBUG 57148 --- [http-nio-8080-exec-3] c.r.M.QuestionMapper.selectAll_COUNT     : ==> Parameters: 
2019-08-30 09:53:04.564 DEBUG 57148 --- [http-nio-8080-exec-3] c.r.M.QuestionMapper.selectAll_COUNT     : <==      Total: 1
2019-08-30 09:53:04.565 DEBUG 57148 --- [http-nio-8080-exec-3] c.r.Mapper.QuestionMapper.selectAll      : ==>  Preparing: select * from question order by gmt_create Desc LIMIT ? 
2019-08-30 09:53:04.565 DEBUG 57148 --- [http-nio-8080-exec-3] c.r.Mapper.QuestionMapper.selectAll      : ==> Parameters: 7(Integer)
2019-08-30 09:53:04.569 DEBUG 57148 --- [http-nio-8080-exec-3] c.r.Mapper.QuestionMapper.selectAll      : <==      Total: 7
2019-08-30 09:53:04.569 DEBUG 57148 --- [http-nio-8080-exec-3] c.r.Mapper.UserMapper.selectByCreator    : ==>  Preparing: SELECT * FROM user_review WHERE account_id = ? 
2019-08-30 09:53:04.570 DEBUG 57148 --- [http-nio-8080-exec-3] c.r.Mapper.UserMapper.selectByCreator    : ==> Parameters: 40432448(String)
2019-08-30 09:53:04.573 DEBUG 57148 --- [http-nio-8080-exec-3] c.r.Mapper.UserMapper.selectByCreator    : <==      Total: 1
2019-08-30 09:53:04.574 DEBUG 57148 --- [http-nio-8080-exec-3] c.r.Mapper.UserMapper.selectByCreator    : ==>  Preparing: SELECT * FROM user_review WHERE account_id = ? 
2019-08-30 09:53:04.574 DEBUG 57148 --- [http-nio-8080-exec-3] c.r.Mapper.UserMapper.selectByCreator    : ==> Parameters: 54517906(String)
2019-08-30 09:53:04.575 DEBUG 57148 --- [http-nio-8080-exec-3] c.r.Mapper.UserMapper.selectByCreator    : <==      Total: 1
2019-08-30 09:53:04.575 DEBUG 57148 --- [http-nio-8080-exec-3] c.r.Mapper.UserMapper.selectByCreator    : ==>  Preparing: SELECT * FROM user_review WHERE account_id = ? 
2019-08-30 09:53:04.575 DEBUG 57148 --- [http-nio-8080-exec-3] c.r.Mapper.UserMapper.selectByCreator    : ==> Parameters: 40432448(String)
2019-08-30 09:53:04.576 DEBUG 57148 --- [http-nio-8080-exec-3] c.r.Mapper.UserMapper.selectByCreator    : <==      Total: 1
2019-08-30 09:53:04.577 DEBUG 57148 --- [http-nio-8080-exec-3] c.r.Mapper.UserMapper.selectByCreator    : ==>  Preparing: SELECT * FROM user_review WHERE account_id = ? 
2019-08-30 09:53:04.577 DEBUG 57148 --- [http-nio-8080-exec-3] c.r.Mapper.UserMapper.selectByCreator    : ==> Parameters: 40432448(String)
2019-08-30 09:53:04.578 DEBUG 57148 --- [http-nio-8080-exec-3] c.r.Mapper.UserMapper.selectByCreator    : <==      Total: 1
2019-08-30 09:53:04.579 DEBUG 57148 --- [http-nio-8080-exec-3] c.r.Mapper.UserMapper.selectByCreator    : ==>  Preparing: SELECT * FROM user_review WHERE account_id = ? 
2019-08-30 09:53:04.579 DEBUG 57148 --- [http-nio-8080-exec-3] c.r.Mapper.UserMapper.selectByCreator    : ==> Parameters: 40432448(String)
2019-08-30 09:53:04.580 DEBUG 57148 --- [http-nio-8080-exec-3] c.r.Mapper.UserMapper.selectByCreator    : <==      Total: 1
2019-08-30 09:53:04.581 DEBUG 57148 --- [http-nio-8080-exec-3] c.r.Mapper.UserMapper.selectByCreator    : ==>  Preparing: SELECT * FROM user_review WHERE account_id = ? 
2019-08-30 09:53:04.581 DEBUG 57148 --- [http-nio-8080-exec-3] c.r.Mapper.UserMapper.selectByCreator    : ==> Parameters: 40432448(String)
2019-08-30 09:53:04.582 DEBUG 57148 --- [http-nio-8080-exec-3] c.r.Mapper.UserMapper.selectByCreator    : <==      Total: 1
2019-08-30 09:53:04.582 DEBUG 57148 --- [http-nio-8080-exec-3] c.r.Mapper.UserMapper.selectByCreator    : ==>  Preparing: SELECT * FROM user_review WHERE account_id = ? 
2019-08-30 09:53:04.583 DEBUG 57148 --- [http-nio-8080-exec-3] c.r.Mapper.UserMapper.selectByCreator    : ==> Parameters: 40432448(String)
2019-08-30 09:53:04.584 DEBUG 57148 --- [http-nio-8080-exec-3] c.r.Mapper.UserMapper.selectByCreator    : <==      Total: 1
2019-08-30 09:53:04.584 DEBUG 57148 --- [http-nio-8080-exec-3] c.r.M.N.SelectUnReadCount                : ==>  Preparing: SELECT COUNT(status) FROM notification where status = 0 and receiver = ? 
2019-08-30 09:53:04.585 DEBUG 57148 --- [http-nio-8080-exec-3] c.r.M.N.SelectUnReadCount                : ==> Parameters: 40432448(String)
2019-08-30 09:53:04.585 DEBUG 57148 --- [http-nio-8080-exec-3] c.r.M.N.SelectUnReadCount                : <==      Total: 1
2019-08-30 09:53:25.482 DEBUG 57148 --- [http-nio-8080-exec-8] com.review.Mapper.UserMapper.select      : ==>  Preparing: SELECT * FROM user_review WHERE tooken = ? 
2019-08-30 09:53:25.483 DEBUG 57148 --- [http-nio-8080-exec-8] com.review.Mapper.UserMapper.select      : ==> Parameters: e5b72105-7325-4b7a-94f5-cff20a7ea74a(String)
2019-08-30 09:53:25.484 DEBUG 57148 --- [http-nio-8080-exec-8] com.review.Mapper.UserMapper.select      : <==      Total: 1
2019-08-30 09:53:25.486 DEBUG 57148 --- [http-nio-8080-exec-8] c.r.M.QuestionMapper.selectAll_COUNT     : ==>  Preparing: SELECT count(0) FROM question 
2019-08-30 09:53:25.486 DEBUG 57148 --- [http-nio-8080-exec-8] c.r.M.QuestionMapper.selectAll_COUNT     : ==> Parameters: 
2019-08-30 09:53:25.487 DEBUG 57148 --- [http-nio-8080-exec-8] c.r.M.QuestionMapper.selectAll_COUNT     : <==      Total: 1
2019-08-30 09:53:25.487 DEBUG 57148 --- [http-nio-8080-exec-8] c.r.Mapper.QuestionMapper.selectAll      : ==>  Preparing: select * from question order by gmt_create Desc LIMIT ? 
2019-08-30 09:53:25.488 DEBUG 57148 --- [http-nio-8080-exec-8] c.r.Mapper.QuestionMapper.selectAll      : ==> Parameters: 7(Integer)
2019-08-30 09:53:25.490 DEBUG 57148 --- [http-nio-8080-exec-8] c.r.Mapper.QuestionMapper.selectAll      : <==      Total: 7
2019-08-30 09:53:25.491 DEBUG 57148 --- [http-nio-8080-exec-8] c.r.Mapper.UserMapper.selectByCreator    : ==>  Preparing: SELECT * FROM user_review WHERE account_id = ? 
2019-08-30 09:53:25.491 DEBUG 57148 --- [http-nio-8080-exec-8] c.r.Mapper.UserMapper.selectByCreator    : ==> Parameters: 40432448(String)
2019-08-30 09:53:25.492 DEBUG 57148 --- [http-nio-8080-exec-8] c.r.Mapper.UserMapper.selectByCreator    : <==      Total: 1
2019-08-30 09:53:25.492 DEBUG 57148 --- [http-nio-8080-exec-8] c.r.Mapper.UserMapper.selectByCreator    : ==>  Preparing: SELECT * FROM user_review WHERE account_id = ? 
2019-08-30 09:53:25.493 DEBUG 57148 --- [http-nio-8080-exec-8] c.r.Mapper.UserMapper.selectByCreator    : ==> Parameters: 54517906(String)
2019-08-30 09:53:25.493 DEBUG 57148 --- [http-nio-8080-exec-8] c.r.Mapper.UserMapper.selectByCreator    : <==      Total: 1
2019-08-30 09:53:25.494 DEBUG 57148 --- [http-nio-8080-exec-8] c.r.Mapper.UserMapper.selectByCreator    : ==>  Preparing: SELECT * FROM user_review WHERE account_id = ? 
2019-08-30 09:53:25.494 DEBUG 57148 --- [http-nio-8080-exec-8] c.r.Mapper.UserMapper.selectByCreator    : ==> Parameters: 40432448(String)
2019-08-30 09:53:25.496 DEBUG 57148 --- [http-nio-8080-exec-8] c.r.Mapper.UserMapper.selectByCreator    : <==      Total: 1
2019-08-30 09:53:25.498 DEBUG 57148 --- [http-nio-8080-exec-8] c.r.Mapper.UserMapper.selectByCreator    : ==>  Preparing: SELECT * FROM user_review WHERE account_id = ? 
2019-08-30 09:53:25.499 DEBUG 57148 --- [http-nio-8080-exec-8] c.r.Mapper.UserMapper.selectByCreator    : ==> Parameters: 40432448(String)
2019-08-30 09:53:25.500 DEBUG 57148 --- [http-nio-8080-exec-8] c.r.Mapper.UserMapper.selectByCreator    : <==      Total: 1
2019-08-30 09:53:25.501 DEBUG 57148 --- [http-nio-8080-exec-8] c.r.Mapper.UserMapper.selectByCreator    : ==>  Preparing: SELECT * FROM user_review WHERE account_id = ? 
2019-08-30 09:53:25.501 DEBUG 57148 --- [http-nio-8080-exec-8] c.r.Mapper.UserMapper.selectByCreator    : ==> Parameters: 40432448(String)
2019-08-30 09:53:25.502 DEBUG 57148 --- [http-nio-8080-exec-8] c.r.Mapper.UserMapper.selectByCreator    : <==      Total: 1
2019-08-30 09:53:25.503 DEBUG 57148 --- [http-nio-8080-exec-8] c.r.Mapper.UserMapper.selectByCreator    : ==>  Preparing: SELECT * FROM user_review WHERE account_id = ? 
2019-08-30 09:53:25.503 DEBUG 57148 --- [http-nio-8080-exec-8] c.r.Mapper.UserMapper.selectByCreator    : ==> Parameters: 40432448(String)
2019-08-30 09:53:25.506 DEBUG 57148 --- [http-nio-8080-exec-8] c.r.Mapper.UserMapper.selectByCreator    : <==      Total: 1
2019-08-30 09:53:25.507 DEBUG 57148 --- [http-nio-8080-exec-8] c.r.Mapper.UserMapper.selectByCreator    : ==>  Preparing: SELECT * FROM user_review WHERE account_id = ? 
2019-08-30 09:53:25.507 DEBUG 57148 --- [http-nio-8080-exec-8] c.r.Mapper.UserMapper.selectByCreator    : ==> Parameters: 40432448(String)
2019-08-30 09:53:25.508 DEBUG 57148 --- [http-nio-8080-exec-8] c.r.Mapper.UserMapper.selectByCreator    : <==      Total: 1
2019-08-30 09:53:25.509 DEBUG 57148 --- [http-nio-8080-exec-8] c.r.M.N.SelectUnReadCount                : ==>  Preparing: SELECT COUNT(status) FROM notification where status = 0 and receiver = ? 
2019-08-30 09:53:25.509 DEBUG 57148 --- [http-nio-8080-exec-8] c.r.M.N.SelectUnReadCount                : ==> Parameters: 40432448(String)
2019-08-30 09:53:25.510 DEBUG 57148 --- [http-nio-8080-exec-8] c.r.M.N.SelectUnReadCount                : <==      Total: 1
2019-08-30 09:53:25.544 DEBUG 57148 --- [http-nio-8080-exec-10] com.review.Mapper.UserMapper.select      : ==>  Preparing: SELECT * FROM user_review WHERE tooken = ? 
2019-08-30 09:53:25.544 DEBUG 57148 --- [http-nio-8080-exec-10] com.review.Mapper.UserMapper.select      : ==> Parameters: e5b72105-7325-4b7a-94f5-cff20a7ea74a(String)
2019-08-30 09:53:25.545 DEBUG 57148 --- [http-nio-8080-exec-10] com.review.Mapper.UserMapper.select      : <==      Total: 1
2019-08-30 09:53:36.791 DEBUG 57148 --- [http-nio-8080-exec-7] com.review.Mapper.UserMapper.select      : ==>  Preparing: SELECT * FROM user_review WHERE tooken = ? 
2019-08-30 09:53:36.792 DEBUG 57148 --- [http-nio-8080-exec-7] com.review.Mapper.UserMapper.select      : ==> Parameters: e5b72105-7325-4b7a-94f5-cff20a7ea74a(String)
2019-08-30 09:53:36.793 DEBUG 57148 --- [http-nio-8080-exec-7] com.review.Mapper.UserMapper.select      : <==      Total: 1
2019-08-30 09:53:36.795 DEBUG 57148 --- [http-nio-8080-exec-7] c.r.M.QuestionMapper.selectAll_COUNT     : ==>  Preparing: SELECT count(0) FROM question 
2019-08-30 09:53:36.796 DEBUG 57148 --- [http-nio-8080-exec-7] c.r.M.QuestionMapper.selectAll_COUNT     : ==> Parameters: 
2019-08-30 09:53:36.797 DEBUG 57148 --- [http-nio-8080-exec-7] c.r.M.QuestionMapper.selectAll_COUNT     : <==      Total: 1
2019-08-30 09:53:36.798 DEBUG 57148 --- [http-nio-8080-exec-7] c.r.Mapper.QuestionMapper.selectAll      : ==>  Preparing: select * from question order by gmt_create Desc LIMIT ? 
2019-08-30 09:53:36.798 DEBUG 57148 --- [http-nio-8080-exec-7] c.r.Mapper.QuestionMapper.selectAll      : ==> Parameters: 7(Integer)
2019-08-30 09:53:36.800 DEBUG 57148 --- [http-nio-8080-exec-7] c.r.Mapper.QuestionMapper.selectAll      : <==      Total: 7
2019-08-30 09:53:36.800 DEBUG 57148 --- [http-nio-8080-exec-7] c.r.Mapper.UserMapper.selectByCreator    : ==>  Preparing: SELECT * FROM user_review WHERE account_id = ? 
2019-08-30 09:53:36.800 DEBUG 57148 --- [http-nio-8080-exec-7] c.r.Mapper.UserMapper.selectByCreator    : ==> Parameters: 40432448(String)
2019-08-30 09:53:36.801 DEBUG 57148 --- [http-nio-8080-exec-7] c.r.Mapper.UserMapper.selectByCreator    : <==      Total: 1
2019-08-30 09:53:36.802 DEBUG 57148 --- [http-nio-8080-exec-7] c.r.Mapper.UserMapper.selectByCreator    : ==>  Preparing: SELECT * FROM user_review WHERE account_id = ? 
2019-08-30 09:53:36.802 DEBUG 57148 --- [http-nio-8080-exec-7] c.r.Mapper.UserMapper.selectByCreator    : ==> Parameters: 54517906(String)
2019-08-30 09:53:36.803 DEBUG 57148 --- [http-nio-8080-exec-7] c.r.Mapper.UserMapper.selectByCreator    : <==      Total: 1
2019-08-30 09:53:36.804 DEBUG 57148 --- [http-nio-8080-exec-7] c.r.Mapper.UserMapper.selectByCreator    : ==>  Preparing: SELECT * FROM user_review WHERE account_id = ? 
2019-08-30 09:53:36.804 DEBUG 57148 --- [http-nio-8080-exec-7] c.r.Mapper.UserMapper.selectByCreator    : ==> Parameters: 40432448(String)
2019-08-30 09:53:36.805 DEBUG 57148 --- [http-nio-8080-exec-7] c.r.Mapper.UserMapper.selectByCreator    : <==      Total: 1
2019-08-30 09:53:36.806 DEBUG 57148 --- [http-nio-8080-exec-7] c.r.Mapper.UserMapper.selectByCreator    : ==>  Preparing: SELECT * FROM user_review WHERE account_id = ? 
2019-08-30 09:53:36.806 DEBUG 57148 --- [http-nio-8080-exec-7] c.r.Mapper.UserMapper.selectByCreator    : ==> Parameters: 40432448(String)
2019-08-30 09:53:36.807 DEBUG 57148 --- [http-nio-8080-exec-7] c.r.Mapper.UserMapper.selectByCreator    : <==      Total: 1
2019-08-30 09:53:36.807 DEBUG 57148 --- [http-nio-8080-exec-7] c.r.Mapper.UserMapper.selectByCreator    : ==>  Preparing: SELECT * FROM user_review WHERE account_id = ? 
2019-08-30 09:53:36.807 DEBUG 57148 --- [http-nio-8080-exec-7] c.r.Mapper.UserMapper.selectByCreator    : ==> Parameters: 40432448(String)
2019-08-30 09:53:36.809 DEBUG 57148 --- [http-nio-8080-exec-7] c.r.Mapper.UserMapper.selectByCreator    : <==      Total: 1
2019-08-30 09:53:36.809 DEBUG 57148 --- [http-nio-8080-exec-7] c.r.Mapper.UserMapper.selectByCreator    : ==>  Preparing: SELECT * FROM user_review WHERE account_id = ? 
2019-08-30 09:53:36.810 DEBUG 57148 --- [http-nio-8080-exec-7] c.r.Mapper.UserMapper.selectByCreator    : ==> Parameters: 40432448(String)
2019-08-30 09:53:36.811 DEBUG 57148 --- [http-nio-8080-exec-7] c.r.Mapper.UserMapper.selectByCreator    : <==      Total: 1
2019-08-30 09:53:36.812 DEBUG 57148 --- [http-nio-8080-exec-7] c.r.Mapper.UserMapper.selectByCreator    : ==>  Preparing: SELECT * FROM user_review WHERE account_id = ? 
2019-08-30 09:53:36.812 DEBUG 57148 --- [http-nio-8080-exec-7] c.r.Mapper.UserMapper.selectByCreator    : ==> Parameters: 40432448(String)
2019-08-30 09:53:36.813 DEBUG 57148 --- [http-nio-8080-exec-7] c.r.Mapper.UserMapper.selectByCreator    : <==      Total: 1
2019-08-30 09:53:36.814 DEBUG 57148 --- [http-nio-8080-exec-7] c.r.M.N.SelectUnReadCount                : ==>  Preparing: SELECT COUNT(status) FROM notification where status = 0 and receiver = ? 
2019-08-30 09:53:36.814 DEBUG 57148 --- [http-nio-8080-exec-7] c.r.M.N.SelectUnReadCount                : ==> Parameters: 40432448(String)
2019-08-30 09:53:36.815 DEBUG 57148 --- [http-nio-8080-exec-7] c.r.M.N.SelectUnReadCount                : <==      Total: 1
2019-08-30 09:53:36.867 DEBUG 57148 --- [http-nio-8080-exec-3] com.review.Mapper.UserMapper.select      : ==>  Preparing: SELECT * FROM user_review WHERE tooken = ? 
2019-08-30 09:53:36.867 DEBUG 57148 --- [http-nio-8080-exec-3] com.review.Mapper.UserMapper.select      : ==> Parameters: e5b72105-7325-4b7a-94f5-cff20a7ea74a(String)
2019-08-30 09:53:36.868 DEBUG 57148 --- [http-nio-8080-exec-3] com.review.Mapper.UserMapper.select      : <==      Total: 1
2019-08-30 09:53:43.829 DEBUG 57148 --- [http-nio-8080-exec-4] com.review.Mapper.UserMapper.select      : ==>  Preparing: SELECT * FROM user_review WHERE tooken = ? 
2019-08-30 09:53:43.829 DEBUG 57148 --- [http-nio-8080-exec-4] com.review.Mapper.UserMapper.select      : ==> Parameters: e5b72105-7325-4b7a-94f5-cff20a7ea74a(String)
2019-08-30 09:53:43.830 DEBUG 57148 --- [http-nio-8080-exec-4] com.review.Mapper.UserMapper.select      : <==      Total: 1
2019-08-30 09:53:43.832 DEBUG 57148 --- [http-nio-8080-exec-4] c.r.M.QuestionMapper.selectAll_COUNT     : ==>  Preparing: SELECT count(0) FROM question 
2019-08-30 09:53:43.832 DEBUG 57148 --- [http-nio-8080-exec-4] c.r.M.QuestionMapper.selectAll_COUNT     : ==> Parameters: 
2019-08-30 09:53:43.832 DEBUG 57148 --- [http-nio-8080-exec-4] c.r.M.QuestionMapper.selectAll_COUNT     : <==      Total: 1
2019-08-30 09:53:43.833 DEBUG 57148 --- [http-nio-8080-exec-4] c.r.Mapper.QuestionMapper.selectAll      : ==>  Preparing: select * from question order by gmt_create Desc LIMIT ?, ? 
2019-08-30 09:53:43.833 DEBUG 57148 --- [http-nio-8080-exec-4] c.r.Mapper.QuestionMapper.selectAll      : ==> Parameters: 14(Integer), 7(Integer)
2019-08-30 09:53:43.834 DEBUG 57148 --- [http-nio-8080-exec-4] c.r.Mapper.QuestionMapper.selectAll      : <==      Total: 7
2019-08-30 09:53:43.835 DEBUG 57148 --- [http-nio-8080-exec-4] c.r.Mapper.UserMapper.selectByCreator    : ==>  Preparing: SELECT * FROM user_review WHERE account_id = ? 
2019-08-30 09:53:43.835 DEBUG 57148 --- [http-nio-8080-exec-4] c.r.Mapper.UserMapper.selectByCreator    : ==> Parameters: 40432448(String)
2019-08-30 09:53:43.836 DEBUG 57148 --- [http-nio-8080-exec-4] c.r.Mapper.UserMapper.selectByCreator    : <==      Total: 1
2019-08-30 09:53:43.836 DEBUG 57148 --- [http-nio-8080-exec-4] c.r.Mapper.UserMapper.selectByCreator    : ==>  Preparing: SELECT * FROM user_review WHERE account_id = ? 
2019-08-30 09:53:43.837 DEBUG 57148 --- [http-nio-8080-exec-4] c.r.Mapper.UserMapper.selectByCreator    : ==> Parameters: 40432448(String)
2019-08-30 09:53:43.839 DEBUG 57148 --- [http-nio-8080-exec-4] c.r.Mapper.UserMapper.selectByCreator    : <==      Total: 1
2019-08-30 09:53:43.840 DEBUG 57148 --- [http-nio-8080-exec-4] c.r.Mapper.UserMapper.selectByCreator    : ==>  Preparing: SELECT * FROM user_review WHERE account_id = ? 
2019-08-30 09:53:43.840 DEBUG 57148 --- [http-nio-8080-exec-4] c.r.Mapper.UserMapper.selectByCreator    : ==> Parameters: 40432448(String)
2019-08-30 09:53:43.841 DEBUG 57148 --- [http-nio-8080-exec-4] c.r.Mapper.UserMapper.selectByCreator    : <==      Total: 1
2019-08-30 09:53:43.843 DEBUG 57148 --- [http-nio-8080-exec-4] c.r.Mapper.UserMapper.selectByCreator    : ==>  Preparing: SELECT * FROM user_review WHERE account_id = ? 
2019-08-30 09:53:43.843 DEBUG 57148 --- [http-nio-8080-exec-4] c.r.Mapper.UserMapper.selectByCreator    : ==> Parameters: 40432448(String)
2019-08-30 09:53:43.844 DEBUG 57148 --- [http-nio-8080-exec-4] c.r.Mapper.UserMapper.selectByCreator    : <==      Total: 1
2019-08-30 09:53:43.844 DEBUG 57148 --- [http-nio-8080-exec-4] c.r.Mapper.UserMapper.selectByCreator    : ==>  Preparing: SELECT * FROM user_review WHERE account_id = ? 
2019-08-30 09:53:43.845 DEBUG 57148 --- [http-nio-8080-exec-4] c.r.Mapper.UserMapper.selectByCreator    : ==> Parameters: 40432448(String)
2019-08-30 09:53:43.845 DEBUG 57148 --- [http-nio-8080-exec-4] c.r.Mapper.UserMapper.selectByCreator    : <==      Total: 1
2019-08-30 09:53:43.846 DEBUG 57148 --- [http-nio-8080-exec-4] c.r.Mapper.UserMapper.selectByCreator    : ==>  Preparing: SELECT * FROM user_review WHERE account_id = ? 
2019-08-30 09:53:43.846 DEBUG 57148 --- [http-nio-8080-exec-4] c.r.Mapper.UserMapper.selectByCreator    : ==> Parameters: 40432448(String)
2019-08-30 09:53:43.847 DEBUG 57148 --- [http-nio-8080-exec-4] c.r.Mapper.UserMapper.selectByCreator    : <==      Total: 1
2019-08-30 09:53:43.847 DEBUG 57148 --- [http-nio-8080-exec-4] c.r.Mapper.UserMapper.selectByCreator    : ==>  Preparing: SELECT * FROM user_review WHERE account_id = ? 
2019-08-30 09:53:43.847 DEBUG 57148 --- [http-nio-8080-exec-4] c.r.Mapper.UserMapper.selectByCreator    : ==> Parameters: 40432442(String)
2019-08-30 09:53:43.848 DEBUG 57148 --- [http-nio-8080-exec-4] c.r.Mapper.UserMapper.selectByCreator    : <==      Total: 1
2019-08-30 09:53:43.848 DEBUG 57148 --- [http-nio-8080-exec-4] c.r.M.N.SelectUnReadCount                : ==>  Preparing: SELECT COUNT(status) FROM notification where status = 0 and receiver = ? 
2019-08-30 09:53:43.848 DEBUG 57148 --- [http-nio-8080-exec-4] c.r.M.N.SelectUnReadCount                : ==> Parameters: 40432448(String)
2019-08-30 09:53:43.849 DEBUG 57148 --- [http-nio-8080-exec-4] c.r.M.N.SelectUnReadCount                : <==      Total: 1
2019-08-30 09:53:43.884 DEBUG 57148 --- [http-nio-8080-exec-2] com.review.Mapper.UserMapper.select      : ==>  Preparing: SELECT * FROM user_review WHERE tooken = ? 
2019-08-30 09:53:43.884 DEBUG 57148 --- [http-nio-8080-exec-2] com.review.Mapper.UserMapper.select      : ==> Parameters: e5b72105-7325-4b7a-94f5-cff20a7ea74a(String)
2019-08-30 09:53:43.885 DEBUG 57148 --- [http-nio-8080-exec-2] com.review.Mapper.UserMapper.select      : <==      Total: 1
2019-08-30 09:53:47.334 DEBUG 57148 --- [http-nio-8080-exec-1] com.review.Mapper.UserMapper.select      : ==>  Preparing: SELECT * FROM user_review WHERE tooken = ? 
2019-08-30 09:53:47.334 DEBUG 57148 --- [http-nio-8080-exec-1] com.review.Mapper.UserMapper.select      : ==> Parameters: e5b72105-7325-4b7a-94f5-cff20a7ea74a(String)
2019-08-30 09:53:47.335 DEBUG 57148 --- [http-nio-8080-exec-1] com.review.Mapper.UserMapper.select      : <==      Total: 1
2019-08-30 09:53:47.336 DEBUG 57148 --- [http-nio-8080-exec-1] c.r.M.QuestionMapper.selectAll_COUNT     : ==>  Preparing: SELECT count(0) FROM question 
2019-08-30 09:53:47.336 DEBUG 57148 --- [http-nio-8080-exec-1] c.r.M.QuestionMapper.selectAll_COUNT     : ==> Parameters: 
2019-08-30 09:53:47.337 DEBUG 57148 --- [http-nio-8080-exec-1] c.r.M.QuestionMapper.selectAll_COUNT     : <==      Total: 1
2019-08-30 09:53:47.338 DEBUG 57148 --- [http-nio-8080-exec-1] c.r.Mapper.QuestionMapper.selectAll      : ==>  Preparing: select * from question order by gmt_create Desc LIMIT ? 
2019-08-30 09:53:47.338 DEBUG 57148 --- [http-nio-8080-exec-1] c.r.Mapper.QuestionMapper.selectAll      : ==> Parameters: 7(Integer)
2019-08-30 09:53:47.340 DEBUG 57148 --- [http-nio-8080-exec-1] c.r.Mapper.QuestionMapper.selectAll      : <==      Total: 7
2019-08-30 09:53:47.341 DEBUG 57148 --- [http-nio-8080-exec-1] c.r.Mapper.UserMapper.selectByCreator    : ==>  Preparing: SELECT * FROM user_review WHERE account_id = ? 
2019-08-30 09:53:47.341 DEBUG 57148 --- [http-nio-8080-exec-1] c.r.Mapper.UserMapper.selectByCreator    : ==> Parameters: 40432448(String)
2019-08-30 09:53:47.342 DEBUG 57148 --- [http-nio-8080-exec-1] c.r.Mapper.UserMapper.selectByCreator    : <==      Total: 1
2019-08-30 09:53:47.343 DEBUG 57148 --- [http-nio-8080-exec-1] c.r.Mapper.UserMapper.selectByCreator    : ==>  Preparing: SELECT * FROM user_review WHERE account_id = ? 
2019-08-30 09:53:47.343 DEBUG 57148 --- [http-nio-8080-exec-1] c.r.Mapper.UserMapper.selectByCreator    : ==> Parameters: 54517906(String)
2019-08-30 09:53:47.344 DEBUG 57148 --- [http-nio-8080-exec-1] c.r.Mapper.UserMapper.selectByCreator    : <==      Total: 1
2019-08-30 09:53:47.344 DEBUG 57148 --- [http-nio-8080-exec-1] c.r.Mapper.UserMapper.selectByCreator    : ==>  Preparing: SELECT * FROM user_review WHERE account_id = ? 
2019-08-30 09:53:47.345 DEBUG 57148 --- [http-nio-8080-exec-1] c.r.Mapper.UserMapper.selectByCreator    : ==> Parameters: 40432448(String)
2019-08-30 09:53:47.345 DEBUG 57148 --- [http-nio-8080-exec-1] c.r.Mapper.UserMapper.selectByCreator    : <==      Total: 1
2019-08-30 09:53:47.346 DEBUG 57148 --- [http-nio-8080-exec-1] c.r.Mapper.UserMapper.selectByCreator    : ==>  Preparing: SELECT * FROM user_review WHERE account_id = ? 
2019-08-30 09:53:47.346 DEBUG 57148 --- [http-nio-8080-exec-1] c.r.Mapper.UserMapper.selectByCreator    : ==> Parameters: 40432448(String)
2019-08-30 09:53:47.347 DEBUG 57148 --- [http-nio-8080-exec-1] c.r.Mapper.UserMapper.selectByCreator    : <==      Total: 1
2019-08-30 09:53:47.347 DEBUG 57148 --- [http-nio-8080-exec-1] c.r.Mapper.UserMapper.selectByCreator    : ==>  Preparing: SELECT * FROM user_review WHERE account_id = ? 
2019-08-30 09:53:47.348 DEBUG 57148 --- [http-nio-8080-exec-1] c.r.Mapper.UserMapper.selectByCreator    : ==> Parameters: 40432448(String)
2019-08-30 09:53:47.349 DEBUG 57148 --- [http-nio-8080-exec-1] c.r.Mapper.UserMapper.selectByCreator    : <==      Total: 1
2019-08-30 09:53:47.349 DEBUG 57148 --- [http-nio-8080-exec-1] c.r.Mapper.UserMapper.selectByCreator    : ==>  Preparing: SELECT * FROM user_review WHERE account_id = ? 
2019-08-30 09:53:47.349 DEBUG 57148 --- [http-nio-8080-exec-1] c.r.Mapper.UserMapper.selectByCreator    : ==> Parameters: 40432448(String)
2019-08-30 09:53:47.352 DEBUG 57148 --- [http-nio-8080-exec-1] c.r.Mapper.UserMapper.selectByCreator    : <==      Total: 1
2019-08-30 09:53:47.353 DEBUG 57148 --- [http-nio-8080-exec-1] c.r.Mapper.UserMapper.selectByCreator    : ==>  Preparing: SELECT * FROM user_review WHERE account_id = ? 
2019-08-30 09:53:47.353 DEBUG 57148 --- [http-nio-8080-exec-1] c.r.Mapper.UserMapper.selectByCreator    : ==> Parameters: 40432448(String)
2019-08-30 09:53:47.354 DEBUG 57148 --- [http-nio-8080-exec-1] c.r.Mapper.UserMapper.selectByCreator    : <==      Total: 1
2019-08-30 09:53:47.354 DEBUG 57148 --- [http-nio-8080-exec-1] c.r.M.N.SelectUnReadCount                : ==>  Preparing: SELECT COUNT(status) FROM notification where status = 0 and receiver = ? 
2019-08-30 09:53:47.354 DEBUG 57148 --- [http-nio-8080-exec-1] c.r.M.N.SelectUnReadCount                : ==> Parameters: 40432448(String)
2019-08-30 09:53:47.355 DEBUG 57148 --- [http-nio-8080-exec-1] c.r.M.N.SelectUnReadCount                : <==      Total: 1
